<?xml version="1.0" encoding="UTF-8"?>
<!-- Generated by org.testng.reporters.JUnitReportReporter -->
<testsuite hostname="Bindu" failures="0" tests="1" name="demo.Sample" time="0.028" errors="0" timestamp="2024-07-01T10:26:12 IST" skipped="0">
  <testcase classname="demo.Sample" name="test" time="0.028"/>
  <system-out>
    <![CDATA[Smaple class executed]]>
  </system-out>
</testsuite> <!-- demo.Sample -->
