<?xml version="1.0" encoding="UTF-8"?>
<!-- Generated by org.testng.reporters.JUnitReportReporter -->
<testsuite hostname="Bindu" failures="0" tests="1" name="carscript.AudiTest" time="26.147" errors="0" timestamp="2024-07-02T09:26:49 IST" skipped="0">
  <testcase classname="carscript.AudiTest" name="lanchAudi" time="26.147"/>
  <system-out>
    <![CDATA[Audi lanched successfully]]>
  </system-out>
</testsuite> <!-- carscript.AudiTest -->
